<?xml version="1.0" encoding="UTF-8"?>
<robot generator="Robot 6.1.1 (Python 3.10.12 on linux)" generated="20241112 22:23:07.725" rpa="false" schemaversion="4">
<suite id="s1" name="Register" source="/home/csimona/Documents/TKT/ohjelmistotuotanto/palautusrepo/week3/web-login/src/tests/register.robot">
<kw name="Open And Configure Browser" library="resource" type="SETUP">
<if>
<branch type="IF" condition="$BROWSER == 'chrome'">
<kw name="Evaluate" library="BuiltIn">
<var>${options}</var>
<arg>sys.modules['selenium.webdriver'].ChromeOptions()</arg>
<arg>sys</arg>
<doc>Evaluates the given expression in Python and returns the result.</doc>
<msg timestamp="20241112 22:23:07.857" level="INFO">${options} = &lt;selenium.webdriver.chrome.options.Options object at 0x741ee4f0bf40&gt;</msg>
<status status="PASS" starttime="20241112 22:23:07.857" endtime="20241112 22:23:07.857"/>
</kw>
<status status="PASS" starttime="20241112 22:23:07.848" endtime="20241112 22:23:07.857"/>
</branch>
<branch type="ELSE IF" condition="$BROWSER == 'firefox'">
<kw name="Evaluate" library="BuiltIn">
<var>${options}</var>
<arg>sys.modules['selenium.webdriver'].FirefoxOptions()</arg>
<arg>sys</arg>
<doc>Evaluates the given expression in Python and returns the result.</doc>
<status status="NOT RUN" starttime="20241112 22:23:07.857" endtime="20241112 22:23:07.857"/>
</kw>
<status status="NOT RUN" starttime="20241112 22:23:07.857" endtime="20241112 22:23:07.857"/>
</branch>
<status status="PASS" starttime="20241112 22:23:07.848" endtime="20241112 22:23:07.857"/>
</if>
<if>
<branch type="IF" condition="$HEADLESS == 'true'">
<kw name="Set Selenium Speed" library="SeleniumLibrary">
<arg>0</arg>
<doc>Sets the delay that is waited after each Selenium command.</doc>
<status status="NOT RUN" starttime="20241112 22:23:07.857" endtime="20241112 22:23:07.857"/>
</kw>
<kw name="Call Method" library="BuiltIn">
<arg>${options}</arg>
<arg>add_argument</arg>
<arg>--headless</arg>
<doc>Calls the named method of the given object with the provided arguments.</doc>
<status status="NOT RUN" starttime="20241112 22:23:07.857" endtime="20241112 22:23:07.857"/>
</kw>
<status status="NOT RUN" starttime="20241112 22:23:07.857" endtime="20241112 22:23:07.857"/>
</branch>
<branch type="ELSE">
<kw name="Set Selenium Speed" library="SeleniumLibrary">
<arg>${DELAY}</arg>
<doc>Sets the delay that is waited after each Selenium command.</doc>
<status status="PASS" starttime="20241112 22:23:07.857" endtime="20241112 22:23:07.857"/>
</kw>
<status status="PASS" starttime="20241112 22:23:07.857" endtime="20241112 22:23:07.857"/>
</branch>
<status status="PASS" starttime="20241112 22:23:07.857" endtime="20241112 22:23:07.858"/>
</if>
<kw name="Open Browser" library="SeleniumLibrary">
<arg>browser=${BROWSER}</arg>
<arg>options=${options}</arg>
<doc>Opens a new browser instance to the optional ``url``.</doc>
<msg timestamp="20241112 22:23:07.858" level="INFO">Opening browser 'chrome' to base url 'None'.</msg>
<status status="PASS" starttime="20241112 22:23:07.858" endtime="20241112 22:23:08.202"/>
</kw>
<status status="PASS" starttime="20241112 22:23:07.848" endtime="20241112 22:23:08.202"/>
</kw>
<test id="s1-t1" name="Register With Valid Username And Password" line="9">
<kw name="Reset Application Create User And Go To Register Page" type="SETUP">
<kw name="Reset Application" library="AppLibrary">
<status status="PASS" starttime="20241112 22:23:08.203" endtime="20241112 22:23:08.206"/>
</kw>
<kw name="Create User" library="AppLibrary">
<arg>kalle</arg>
<arg>kalle123</arg>
<status status="PASS" starttime="20241112 22:23:08.206" endtime="20241112 22:23:08.210"/>
</kw>
<kw name="Go to Register Page" library="resource">
<kw name="Go To" library="SeleniumLibrary">
<arg>${REGISTER_URL}</arg>
<doc>Navigates the current browser window to the provided ``url``.</doc>
<msg timestamp="20241112 22:23:08.211" level="INFO">Opening url 'http://localhost:5001/register'</msg>
<status status="PASS" starttime="20241112 22:23:08.210" endtime="20241112 22:23:08.757"/>
</kw>
<status status="PASS" starttime="20241112 22:23:08.210" endtime="20241112 22:23:08.757"/>
</kw>
<status status="PASS" starttime="20241112 22:23:08.203" endtime="20241112 22:23:08.757"/>
</kw>
<kw name="Set Username">
<arg>pekka</arg>
<kw name="Input Text" library="SeleniumLibrary">
<arg>username</arg>
<arg>${username}</arg>
<doc>Types the given ``text`` into the text field identified by ``locator``.</doc>
<msg timestamp="20241112 22:23:08.760" level="INFO">Typing text 'pekka' into text field 'username'.</msg>
<status status="PASS" starttime="20241112 22:23:08.759" endtime="20241112 22:23:10.352"/>
</kw>
<status status="PASS" starttime="20241112 22:23:08.758" endtime="20241112 22:23:10.353"/>
</kw>
<kw name="Set Password">
<arg>pekka123</arg>
<kw name="Input Password" library="SeleniumLibrary">
<arg>password</arg>
<arg>${password}</arg>
<doc>Types the given password into the text field identified by ``locator``.</doc>
<msg timestamp="20241112 22:23:10.356" level="INFO">Typing password into text field 'password'.</msg>
<msg timestamp="20241112 22:23:11.406" level="INFO">Temporally setting log level to: NONE</msg>
<msg timestamp="20241112 22:23:11.939" level="INFO">Log level changed from NONE to INFO.</msg>
<status status="PASS" starttime="20241112 22:23:10.354" endtime="20241112 22:23:11.940"/>
</kw>
<status status="PASS" starttime="20241112 22:23:10.353" endtime="20241112 22:23:11.940"/>
</kw>
<kw name="Set Password Confirmation">
<arg>pekka123</arg>
<kw name="Input Text" library="SeleniumLibrary">
<arg>password_confirmation</arg>
<arg>${password_confirmation}</arg>
<doc>Types the given ``text`` into the text field identified by ``locator``.</doc>
<msg timestamp="20241112 22:23:11.944" level="INFO">Typing text 'pekka123' into text field 'password_confirmation'.</msg>
<status status="PASS" starttime="20241112 22:23:11.942" endtime="20241112 22:23:13.528"/>
</kw>
<status status="PASS" starttime="20241112 22:23:11.941" endtime="20241112 22:23:13.529"/>
</kw>
<kw name="Submit Credentials">
<kw name="Click Button" library="SeleniumLibrary">
<arg>Register</arg>
<doc>Clicks the button identified by ``locator``.</doc>
<msg timestamp="20241112 22:23:13.531" level="INFO">Clicking button 'Register'.</msg>
<status status="PASS" starttime="20241112 22:23:13.530" endtime="20241112 22:23:15.643"/>
</kw>
<status status="PASS" starttime="20241112 22:23:13.529" endtime="20241112 22:23:15.643"/>
</kw>
<kw name="Register Should Succeed">
<kw name="Welcome Page Should Be Open" library="resource">
<kw name="Title Should Be" library="SeleniumLibrary">
<arg>Welcome to Ohtu Application!</arg>
<doc>Verifies that the current page title equals ``title``.</doc>
<msg timestamp="20241112 22:23:16.157" level="INFO">Page title is 'Welcome to Ohtu Application!'.</msg>
<status status="PASS" starttime="20241112 22:23:15.646" endtime="20241112 22:23:16.158"/>
</kw>
<status status="PASS" starttime="20241112 22:23:15.645" endtime="20241112 22:23:16.158"/>
</kw>
<status status="PASS" starttime="20241112 22:23:15.644" endtime="20241112 22:23:16.158"/>
</kw>
<status status="PASS" starttime="20241112 22:23:08.202" endtime="20241112 22:23:16.159"/>
</test>
<test id="s1-t2" name="Register With Too Short Username And Valid Password" line="16">
<kw name="Reset Application Create User And Go To Register Page" type="SETUP">
<kw name="Reset Application" library="AppLibrary">
<status status="PASS" starttime="20241112 22:23:16.162" endtime="20241112 22:23:16.166"/>
</kw>
<kw name="Create User" library="AppLibrary">
<arg>kalle</arg>
<arg>kalle123</arg>
<status status="PASS" starttime="20241112 22:23:16.166" endtime="20241112 22:23:16.174"/>
</kw>
<kw name="Go to Register Page" library="resource">
<kw name="Go To" library="SeleniumLibrary">
<arg>${REGISTER_URL}</arg>
<doc>Navigates the current browser window to the provided ``url``.</doc>
<msg timestamp="20241112 22:23:16.175" level="INFO">Opening url 'http://localhost:5001/register'</msg>
<status status="PASS" starttime="20241112 22:23:16.175" endtime="20241112 22:23:16.697"/>
</kw>
<status status="PASS" starttime="20241112 22:23:16.174" endtime="20241112 22:23:16.697"/>
</kw>
<status status="PASS" starttime="20241112 22:23:16.162" endtime="20241112 22:23:16.698"/>
</kw>
<kw name="Set Username">
<arg>t</arg>
<kw name="Input Text" library="SeleniumLibrary">
<arg>username</arg>
<arg>${username}</arg>
<doc>Types the given ``text`` into the text field identified by ``locator``.</doc>
<msg timestamp="20241112 22:23:16.701" level="INFO">Typing text 't' into text field 'username'.</msg>
<status status="PASS" starttime="20241112 22:23:16.699" endtime="20241112 22:23:18.312"/>
</kw>
<status status="PASS" starttime="20241112 22:23:16.698" endtime="20241112 22:23:18.312"/>
</kw>
<kw name="Set Password">
<arg>testi123</arg>
<kw name="Input Password" library="SeleniumLibrary">
<arg>password</arg>
<arg>${password}</arg>
<doc>Types the given password into the text field identified by ``locator``.</doc>
<msg timestamp="20241112 22:23:18.315" level="INFO">Typing password into text field 'password'.</msg>
<msg timestamp="20241112 22:23:19.366" level="INFO">Temporally setting log level to: NONE</msg>
<msg timestamp="20241112 22:23:19.912" level="INFO">Log level changed from NONE to INFO.</msg>
<status status="PASS" starttime="20241112 22:23:18.314" endtime="20241112 22:23:19.913"/>
</kw>
<status status="PASS" starttime="20241112 22:23:18.313" endtime="20241112 22:23:19.913"/>
</kw>
<kw name="Set Password Confirmation">
<arg>testi123</arg>
<kw name="Input Text" library="SeleniumLibrary">
<arg>password_confirmation</arg>
<arg>${password_confirmation}</arg>
<doc>Types the given ``text`` into the text field identified by ``locator``.</doc>
<msg timestamp="20241112 22:23:19.916" level="INFO">Typing text 'testi123' into text field 'password_confirmation'.</msg>
<status status="PASS" starttime="20241112 22:23:19.915" endtime="20241112 22:23:21.483"/>
</kw>
<status status="PASS" starttime="20241112 22:23:19.913" endtime="20241112 22:23:21.483"/>
</kw>
<kw name="Submit Credentials">
<kw name="Click Button" library="SeleniumLibrary">
<arg>Register</arg>
<doc>Clicks the button identified by ``locator``.</doc>
<msg timestamp="20241112 22:23:21.484" level="INFO">Clicking button 'Register'.</msg>
<status status="PASS" starttime="20241112 22:23:21.484" endtime="20241112 22:23:23.531"/>
</kw>
<status status="PASS" starttime="20241112 22:23:21.483" endtime="20241112 22:23:23.532"/>
</kw>
<kw name="Register Should Fail With Message">
<arg>Username is too short</arg>
<kw name="Register Page Should Be Open" library="resource">
<kw name="Title Should Be" library="SeleniumLibrary">
<arg>Register</arg>
<doc>Verifies that the current page title equals ``title``.</doc>
<msg timestamp="20241112 22:23:24.043" level="INFO">Page title is 'Register'.</msg>
<status status="PASS" starttime="20241112 22:23:23.534" endtime="20241112 22:23:24.043"/>
</kw>
<status status="PASS" starttime="20241112 22:23:23.533" endtime="20241112 22:23:24.043"/>
</kw>
<kw name="Page Should Contain" library="SeleniumLibrary">
<arg>${message}</arg>
<doc>Verifies that current page contains ``text``.</doc>
<msg timestamp="20241112 22:23:25.067" level="INFO">Current page contains text 'Username is too short'.</msg>
<status status="PASS" starttime="20241112 22:23:24.043" endtime="20241112 22:23:25.067"/>
</kw>
<status status="PASS" starttime="20241112 22:23:23.532" endtime="20241112 22:23:25.067"/>
</kw>
<status status="PASS" starttime="20241112 22:23:16.160" endtime="20241112 22:23:25.067"/>
</test>
<test id="s1-t3" name="Register With Valid Username And Too Short Password" line="23">
<kw name="Reset Application Create User And Go To Register Page" type="SETUP">
<kw name="Reset Application" library="AppLibrary">
<status status="PASS" starttime="20241112 22:23:25.068" endtime="20241112 22:23:25.070"/>
</kw>
<kw name="Create User" library="AppLibrary">
<arg>kalle</arg>
<arg>kalle123</arg>
<status status="PASS" starttime="20241112 22:23:25.070" endtime="20241112 22:23:25.074"/>
</kw>
<kw name="Go to Register Page" library="resource">
<kw name="Go To" library="SeleniumLibrary">
<arg>${REGISTER_URL}</arg>
<doc>Navigates the current browser window to the provided ``url``.</doc>
<msg timestamp="20241112 22:23:25.074" level="INFO">Opening url 'http://localhost:5001/register'</msg>
<status status="PASS" starttime="20241112 22:23:25.074" endtime="20241112 22:23:25.587"/>
</kw>
<status status="PASS" starttime="20241112 22:23:25.074" endtime="20241112 22:23:25.587"/>
</kw>
<status status="PASS" starttime="20241112 22:23:25.067" endtime="20241112 22:23:25.588"/>
</kw>
<kw name="Set Username">
<arg>testi</arg>
<kw name="Input Text" library="SeleniumLibrary">
<arg>username</arg>
<arg>${username}</arg>
<doc>Types the given ``text`` into the text field identified by ``locator``.</doc>
<msg timestamp="20241112 22:23:25.591" level="INFO">Typing text 'testi' into text field 'username'.</msg>
<status status="PASS" starttime="20241112 22:23:25.589" endtime="20241112 22:23:27.175"/>
</kw>
<status status="PASS" starttime="20241112 22:23:25.588" endtime="20241112 22:23:27.175"/>
</kw>
<kw name="Set Password">
<arg>testi</arg>
<kw name="Input Password" library="SeleniumLibrary">
<arg>password</arg>
<arg>${password}</arg>
<doc>Types the given password into the text field identified by ``locator``.</doc>
<msg timestamp="20241112 22:23:27.178" level="INFO">Typing password into text field 'password'.</msg>
<msg timestamp="20241112 22:23:28.222" level="INFO">Temporally setting log level to: NONE</msg>
<msg timestamp="20241112 22:23:28.762" level="INFO">Log level changed from NONE to INFO.</msg>
<status status="PASS" starttime="20241112 22:23:27.176" endtime="20241112 22:23:28.762"/>
</kw>
<status status="PASS" starttime="20241112 22:23:27.175" endtime="20241112 22:23:28.762"/>
</kw>
<kw name="Set Password Confirmation">
<arg>testi</arg>
<kw name="Input Text" library="SeleniumLibrary">
<arg>password_confirmation</arg>
<arg>${password_confirmation}</arg>
<doc>Types the given ``text`` into the text field identified by ``locator``.</doc>
<msg timestamp="20241112 22:23:28.764" level="INFO">Typing text 'testi' into text field 'password_confirmation'.</msg>
<status status="PASS" starttime="20241112 22:23:28.763" endtime="20241112 22:23:30.352"/>
</kw>
<status status="PASS" starttime="20241112 22:23:28.763" endtime="20241112 22:23:30.352"/>
</kw>
<kw name="Submit Credentials">
<kw name="Click Button" library="SeleniumLibrary">
<arg>Register</arg>
<doc>Clicks the button identified by ``locator``.</doc>
<msg timestamp="20241112 22:23:30.354" level="INFO">Clicking button 'Register'.</msg>
<status status="PASS" starttime="20241112 22:23:30.353" endtime="20241112 22:23:32.451"/>
</kw>
<status status="PASS" starttime="20241112 22:23:30.352" endtime="20241112 22:23:32.451"/>
</kw>
<kw name="Register Should Fail With Message">
<arg>Password is too short</arg>
<kw name="Register Page Should Be Open" library="resource">
<kw name="Title Should Be" library="SeleniumLibrary">
<arg>Register</arg>
<doc>Verifies that the current page title equals ``title``.</doc>
<msg timestamp="20241112 22:23:32.967" level="INFO">Page title is 'Register'.</msg>
<status status="PASS" starttime="20241112 22:23:32.454" endtime="20241112 22:23:32.967"/>
</kw>
<status status="PASS" starttime="20241112 22:23:32.453" endtime="20241112 22:23:32.968"/>
</kw>
<kw name="Page Should Contain" library="SeleniumLibrary">
<arg>${message}</arg>
<doc>Verifies that current page contains ``text``.</doc>
<msg timestamp="20241112 22:23:33.985" level="INFO">Current page contains text 'Password is too short'.</msg>
<status status="PASS" starttime="20241112 22:23:32.968" endtime="20241112 22:23:33.985"/>
</kw>
<status status="PASS" starttime="20241112 22:23:32.452" endtime="20241112 22:23:33.985"/>
</kw>
<status status="PASS" starttime="20241112 22:23:25.067" endtime="20241112 22:23:33.985"/>
</test>
<test id="s1-t4" name="Register With Valid Username And Invalid Password" line="30">
<kw name="Reset Application Create User And Go To Register Page" type="SETUP">
<kw name="Reset Application" library="AppLibrary">
<status status="PASS" starttime="20241112 22:23:33.986" endtime="20241112 22:23:33.988"/>
</kw>
<kw name="Create User" library="AppLibrary">
<arg>kalle</arg>
<arg>kalle123</arg>
<status status="PASS" starttime="20241112 22:23:33.988" endtime="20241112 22:23:33.992"/>
</kw>
<kw name="Go to Register Page" library="resource">
<kw name="Go To" library="SeleniumLibrary">
<arg>${REGISTER_URL}</arg>
<doc>Navigates the current browser window to the provided ``url``.</doc>
<msg timestamp="20241112 22:23:33.992" level="INFO">Opening url 'http://localhost:5001/register'</msg>
<status status="PASS" starttime="20241112 22:23:33.992" endtime="20241112 22:23:34.505"/>
</kw>
<status status="PASS" starttime="20241112 22:23:33.992" endtime="20241112 22:23:34.506"/>
</kw>
<status status="PASS" starttime="20241112 22:23:33.985" endtime="20241112 22:23:34.506"/>
</kw>
<kw name="Set Username">
<arg>testi</arg>
<kw name="Input Text" library="SeleniumLibrary">
<arg>username</arg>
<arg>${username}</arg>
<doc>Types the given ``text`` into the text field identified by ``locator``.</doc>
<msg timestamp="20241112 22:23:34.509" level="INFO">Typing text 'testi' into text field 'username'.</msg>
<status status="PASS" starttime="20241112 22:23:34.507" endtime="20241112 22:23:36.101"/>
</kw>
<status status="PASS" starttime="20241112 22:23:34.506" endtime="20241112 22:23:36.101"/>
</kw>
<kw name="Set Password">
<arg>testisalasana</arg>
<kw name="Input Password" library="SeleniumLibrary">
<arg>password</arg>
<arg>${password}</arg>
<doc>Types the given password into the text field identified by ``locator``.</doc>
<msg timestamp="20241112 22:23:36.103" level="INFO">Typing password into text field 'password'.</msg>
<msg timestamp="20241112 22:23:37.136" level="INFO">Temporally setting log level to: NONE</msg>
<msg timestamp="20241112 22:23:37.692" level="INFO">Log level changed from NONE to INFO.</msg>
<status status="PASS" starttime="20241112 22:23:36.102" endtime="20241112 22:23:37.692"/>
</kw>
<status status="PASS" starttime="20241112 22:23:36.101" endtime="20241112 22:23:37.693"/>
</kw>
<kw name="Set Password Confirmation">
<arg>testisalasana</arg>
<kw name="Input Text" library="SeleniumLibrary">
<arg>password_confirmation</arg>
<arg>${password_confirmation}</arg>
<doc>Types the given ``text`` into the text field identified by ``locator``.</doc>
<msg timestamp="20241112 22:23:37.695" level="INFO">Typing text 'testisalasana' into text field 'password_confirmation'.</msg>
<status status="PASS" starttime="20241112 22:23:37.694" endtime="20241112 22:23:39.274"/>
</kw>
<status status="PASS" starttime="20241112 22:23:37.693" endtime="20241112 22:23:39.274"/>
</kw>
<kw name="Submit Credentials">
<kw name="Click Button" library="SeleniumLibrary">
<arg>Register</arg>
<doc>Clicks the button identified by ``locator``.</doc>
<msg timestamp="20241112 22:23:39.277" level="INFO">Clicking button 'Register'.</msg>
<status status="PASS" starttime="20241112 22:23:39.276" endtime="20241112 22:23:41.358"/>
</kw>
<status status="PASS" starttime="20241112 22:23:39.275" endtime="20241112 22:23:41.358"/>
</kw>
<kw name="Register Should Fail With Message">
<arg>Password must not contain only letters</arg>
<kw name="Register Page Should Be Open" library="resource">
<kw name="Title Should Be" library="SeleniumLibrary">
<arg>Register</arg>
<doc>Verifies that the current page title equals ``title``.</doc>
<msg timestamp="20241112 22:23:41.870" level="INFO">Page title is 'Register'.</msg>
<status status="PASS" starttime="20241112 22:23:41.360" endtime="20241112 22:23:41.870"/>
</kw>
<status status="PASS" starttime="20241112 22:23:41.360" endtime="20241112 22:23:41.870"/>
</kw>
<kw name="Page Should Contain" library="SeleniumLibrary">
<arg>${message}</arg>
<doc>Verifies that current page contains ``text``.</doc>
<msg timestamp="20241112 22:23:42.896" level="INFO">Current page contains text 'Password must not contain only letters'.</msg>
<status status="PASS" starttime="20241112 22:23:41.870" endtime="20241112 22:23:42.897"/>
</kw>
<status status="PASS" starttime="20241112 22:23:41.359" endtime="20241112 22:23:42.897"/>
</kw>
<status status="PASS" starttime="20241112 22:23:33.985" endtime="20241112 22:23:42.898"/>
</test>
<test id="s1-t5" name="Register With Nonmatching Password And Password Confirmation" line="37">
<kw name="Reset Application Create User And Go To Register Page" type="SETUP">
<kw name="Reset Application" library="AppLibrary">
<status status="PASS" starttime="20241112 22:23:42.901" endtime="20241112 22:23:42.905"/>
</kw>
<kw name="Create User" library="AppLibrary">
<arg>kalle</arg>
<arg>kalle123</arg>
<status status="PASS" starttime="20241112 22:23:42.905" endtime="20241112 22:23:42.914"/>
</kw>
<kw name="Go to Register Page" library="resource">
<kw name="Go To" library="SeleniumLibrary">
<arg>${REGISTER_URL}</arg>
<doc>Navigates the current browser window to the provided ``url``.</doc>
<msg timestamp="20241112 22:23:42.915" level="INFO">Opening url 'http://localhost:5001/register'</msg>
<status status="PASS" starttime="20241112 22:23:42.915" endtime="20241112 22:23:43.436"/>
</kw>
<status status="PASS" starttime="20241112 22:23:42.914" endtime="20241112 22:23:43.437"/>
</kw>
<status status="PASS" starttime="20241112 22:23:42.901" endtime="20241112 22:23:43.437"/>
</kw>
<kw name="Set Username">
<arg>testi</arg>
<kw name="Input Text" library="SeleniumLibrary">
<arg>username</arg>
<arg>${username}</arg>
<doc>Types the given ``text`` into the text field identified by ``locator``.</doc>
<msg timestamp="20241112 22:23:43.439" level="INFO">Typing text 'testi' into text field 'username'.</msg>
<status status="PASS" starttime="20241112 22:23:43.438" endtime="20241112 22:23:45.021"/>
</kw>
<status status="PASS" starttime="20241112 22:23:43.437" endtime="20241112 22:23:45.022"/>
</kw>
<kw name="Set Password">
<arg>testi123</arg>
<kw name="Input Password" library="SeleniumLibrary">
<arg>password</arg>
<arg>${password}</arg>
<doc>Types the given password into the text field identified by ``locator``.</doc>
<msg timestamp="20241112 22:23:45.025" level="INFO">Typing password into text field 'password'.</msg>
<msg timestamp="20241112 22:23:46.075" level="INFO">Temporally setting log level to: NONE</msg>
<msg timestamp="20241112 22:23:46.639" level="INFO">Log level changed from NONE to INFO.</msg>
<status status="PASS" starttime="20241112 22:23:45.023" endtime="20241112 22:23:46.639"/>
</kw>
<status status="PASS" starttime="20241112 22:23:45.022" endtime="20241112 22:23:46.639"/>
</kw>
<kw name="Set Password Confirmation">
<arg>testi124</arg>
<kw name="Input Text" library="SeleniumLibrary">
<arg>password_confirmation</arg>
<arg>${password_confirmation}</arg>
<doc>Types the given ``text`` into the text field identified by ``locator``.</doc>
<msg timestamp="20241112 22:23:46.642" level="INFO">Typing text 'testi124' into text field 'password_confirmation'.</msg>
<status status="PASS" starttime="20241112 22:23:46.641" endtime="20241112 22:23:48.247"/>
</kw>
<status status="PASS" starttime="20241112 22:23:46.640" endtime="20241112 22:23:48.248"/>
</kw>
<kw name="Submit Credentials">
<kw name="Click Button" library="SeleniumLibrary">
<arg>Register</arg>
<doc>Clicks the button identified by ``locator``.</doc>
<msg timestamp="20241112 22:23:48.251" level="INFO">Clicking button 'Register'.</msg>
<status status="PASS" starttime="20241112 22:23:48.250" endtime="20241112 22:23:50.363"/>
</kw>
<status status="PASS" starttime="20241112 22:23:48.249" endtime="20241112 22:23:50.364"/>
</kw>
<kw name="Register Should Fail With Message">
<arg>Passwords don't match</arg>
<kw name="Register Page Should Be Open" library="resource">
<kw name="Title Should Be" library="SeleniumLibrary">
<arg>Register</arg>
<doc>Verifies that the current page title equals ``title``.</doc>
<msg timestamp="20241112 22:23:50.875" level="INFO">Page title is 'Register'.</msg>
<status status="PASS" starttime="20241112 22:23:50.366" endtime="20241112 22:23:50.875"/>
</kw>
<status status="PASS" starttime="20241112 22:23:50.365" endtime="20241112 22:23:50.876"/>
</kw>
<kw name="Page Should Contain" library="SeleniumLibrary">
<arg>${message}</arg>
<doc>Verifies that current page contains ``text``.</doc>
<msg timestamp="20241112 22:23:51.907" level="INFO">Current page contains text 'Passwords don't match'.</msg>
<status status="PASS" starttime="20241112 22:23:50.876" endtime="20241112 22:23:51.907"/>
</kw>
<status status="PASS" starttime="20241112 22:23:50.364" endtime="20241112 22:23:51.908"/>
</kw>
<status status="PASS" starttime="20241112 22:23:42.900" endtime="20241112 22:23:51.908"/>
</test>
<test id="s1-t6" name="Register With Username That Is Already In Use" line="44">
<kw name="Reset Application Create User And Go To Register Page" type="SETUP">
<kw name="Reset Application" library="AppLibrary">
<status status="PASS" starttime="20241112 22:23:51.911" endtime="20241112 22:23:51.916"/>
</kw>
<kw name="Create User" library="AppLibrary">
<arg>kalle</arg>
<arg>kalle123</arg>
<status status="PASS" starttime="20241112 22:23:51.917" endtime="20241112 22:23:51.925"/>
</kw>
<kw name="Go to Register Page" library="resource">
<kw name="Go To" library="SeleniumLibrary">
<arg>${REGISTER_URL}</arg>
<doc>Navigates the current browser window to the provided ``url``.</doc>
<msg timestamp="20241112 22:23:51.927" level="INFO">Opening url 'http://localhost:5001/register'</msg>
<status status="PASS" starttime="20241112 22:23:51.926" endtime="20241112 22:23:52.448"/>
</kw>
<status status="PASS" starttime="20241112 22:23:51.926" endtime="20241112 22:23:52.448"/>
</kw>
<status status="PASS" starttime="20241112 22:23:51.911" endtime="20241112 22:23:52.448"/>
</kw>
<kw name="Set Username">
<arg>kalle</arg>
<kw name="Input Text" library="SeleniumLibrary">
<arg>username</arg>
<arg>${username}</arg>
<doc>Types the given ``text`` into the text field identified by ``locator``.</doc>
<msg timestamp="20241112 22:23:52.450" level="INFO">Typing text 'kalle' into text field 'username'.</msg>
<status status="PASS" starttime="20241112 22:23:52.449" endtime="20241112 22:23:54.038"/>
</kw>
<status status="PASS" starttime="20241112 22:23:52.449" endtime="20241112 22:23:54.039"/>
</kw>
<kw name="Set Password">
<arg>testi123</arg>
<kw name="Input Password" library="SeleniumLibrary">
<arg>password</arg>
<arg>${password}</arg>
<doc>Types the given password into the text field identified by ``locator``.</doc>
<msg timestamp="20241112 22:23:54.042" level="INFO">Typing password into text field 'password'.</msg>
<msg timestamp="20241112 22:23:55.105" level="INFO">Temporally setting log level to: NONE</msg>
<msg timestamp="20241112 22:23:55.658" level="INFO">Log level changed from NONE to INFO.</msg>
<status status="PASS" starttime="20241112 22:23:54.041" endtime="20241112 22:23:55.659"/>
</kw>
<status status="PASS" starttime="20241112 22:23:54.040" endtime="20241112 22:23:55.659"/>
</kw>
<kw name="Set Password Confirmation">
<arg>testi123</arg>
<kw name="Input Text" library="SeleniumLibrary">
<arg>password_confirmation</arg>
<arg>${password_confirmation}</arg>
<doc>Types the given ``text`` into the text field identified by ``locator``.</doc>
<msg timestamp="20241112 22:23:55.662" level="INFO">Typing text 'testi123' into text field 'password_confirmation'.</msg>
<status status="PASS" starttime="20241112 22:23:55.661" endtime="20241112 22:23:57.256"/>
</kw>
<status status="PASS" starttime="20241112 22:23:55.660" endtime="20241112 22:23:57.256"/>
</kw>
<kw name="Submit Credentials">
<kw name="Click Button" library="SeleniumLibrary">
<arg>Register</arg>
<doc>Clicks the button identified by ``locator``.</doc>
<msg timestamp="20241112 22:23:57.259" level="INFO">Clicking button 'Register'.</msg>
<status status="PASS" starttime="20241112 22:23:57.258" endtime="20241112 22:23:59.333"/>
</kw>
<status status="PASS" starttime="20241112 22:23:57.257" endtime="20241112 22:23:59.334"/>
</kw>
<kw name="Register Should Fail With Message">
<arg>Username already exsists</arg>
<kw name="Register Page Should Be Open" library="resource">
<kw name="Title Should Be" library="SeleniumLibrary">
<arg>Register</arg>
<doc>Verifies that the current page title equals ``title``.</doc>
<msg timestamp="20241112 22:23:59.846" level="INFO">Page title is 'Register'.</msg>
<status status="PASS" starttime="20241112 22:23:59.336" endtime="20241112 22:23:59.846"/>
</kw>
<status status="PASS" starttime="20241112 22:23:59.335" endtime="20241112 22:23:59.846"/>
</kw>
<kw name="Page Should Contain" library="SeleniumLibrary">
<arg>${message}</arg>
<doc>Verifies that current page contains ``text``.</doc>
<msg timestamp="20241112 22:24:00.873" level="INFO">Current page contains text 'Username already exsists'.</msg>
<status status="PASS" starttime="20241112 22:23:59.846" endtime="20241112 22:24:00.873"/>
</kw>
<status status="PASS" starttime="20241112 22:23:59.334" endtime="20241112 22:24:00.873"/>
</kw>
<status status="PASS" starttime="20241112 22:23:51.909" endtime="20241112 22:24:00.874"/>
</test>
<test id="s1-t7" name="Login After Successful Registration" line="51">
<kw name="Reset Application Create User And Go To Register Page" type="SETUP">
<kw name="Reset Application" library="AppLibrary">
<status status="PASS" starttime="20241112 22:24:00.875" endtime="20241112 22:24:00.877"/>
</kw>
<kw name="Create User" library="AppLibrary">
<arg>kalle</arg>
<arg>kalle123</arg>
<status status="PASS" starttime="20241112 22:24:00.877" endtime="20241112 22:24:00.882"/>
</kw>
<kw name="Go to Register Page" library="resource">
<kw name="Go To" library="SeleniumLibrary">
<arg>${REGISTER_URL}</arg>
<doc>Navigates the current browser window to the provided ``url``.</doc>
<msg timestamp="20241112 22:24:00.882" level="INFO">Opening url 'http://localhost:5001/register'</msg>
<status status="PASS" starttime="20241112 22:24:00.882" endtime="20241112 22:24:01.401"/>
</kw>
<status status="PASS" starttime="20241112 22:24:00.882" endtime="20241112 22:24:01.401"/>
</kw>
<status status="PASS" starttime="20241112 22:24:00.874" endtime="20241112 22:24:01.401"/>
</kw>
<kw name="Set Username">
<arg>pekka</arg>
<kw name="Input Text" library="SeleniumLibrary">
<arg>username</arg>
<arg>${username}</arg>
<doc>Types the given ``text`` into the text field identified by ``locator``.</doc>
<msg timestamp="20241112 22:24:01.404" level="INFO">Typing text 'pekka' into text field 'username'.</msg>
<status status="PASS" starttime="20241112 22:24:01.403" endtime="20241112 22:24:02.958"/>
</kw>
<status status="PASS" starttime="20241112 22:24:01.402" endtime="20241112 22:24:02.958"/>
</kw>
<kw name="Set Password">
<arg>pekka123</arg>
<kw name="Input Password" library="SeleniumLibrary">
<arg>password</arg>
<arg>${password}</arg>
<doc>Types the given password into the text field identified by ``locator``.</doc>
<msg timestamp="20241112 22:24:02.959" level="INFO">Typing password into text field 'password'.</msg>
<msg timestamp="20241112 22:24:04.007" level="INFO">Temporally setting log level to: NONE</msg>
<msg timestamp="20241112 22:24:04.568" level="INFO">Log level changed from NONE to INFO.</msg>
<status status="PASS" starttime="20241112 22:24:02.959" endtime="20241112 22:24:04.569"/>
</kw>
<status status="PASS" starttime="20241112 22:24:02.959" endtime="20241112 22:24:04.569"/>
</kw>
<kw name="Set Password Confirmation">
<arg>pekka123</arg>
<kw name="Input Text" library="SeleniumLibrary">
<arg>password_confirmation</arg>
<arg>${password_confirmation}</arg>
<doc>Types the given ``text`` into the text field identified by ``locator``.</doc>
<msg timestamp="20241112 22:24:04.572" level="INFO">Typing text 'pekka123' into text field 'password_confirmation'.</msg>
<status status="PASS" starttime="20241112 22:24:04.571" endtime="20241112 22:24:06.181"/>
</kw>
<status status="PASS" starttime="20241112 22:24:04.570" endtime="20241112 22:24:06.181"/>
</kw>
<kw name="Submit Credentials">
<kw name="Click Button" library="SeleniumLibrary">
<arg>Register</arg>
<doc>Clicks the button identified by ``locator``.</doc>
<msg timestamp="20241112 22:24:06.184" level="INFO">Clicking button 'Register'.</msg>
<status status="PASS" starttime="20241112 22:24:06.182" endtime="20241112 22:24:08.272"/>
</kw>
<status status="PASS" starttime="20241112 22:24:06.181" endtime="20241112 22:24:08.273"/>
</kw>
<kw name="Navigate To Main Page">
<kw name="Click Link" library="SeleniumLibrary">
<arg>Continue to main page</arg>
<doc>Clicks a link identified by ``locator``.</doc>
<msg timestamp="20241112 22:24:08.275" level="INFO">Clicking link 'Continue to main page'.</msg>
<status status="PASS" starttime="20241112 22:24:08.274" endtime="20241112 22:24:09.847"/>
</kw>
<status status="PASS" starttime="20241112 22:24:08.273" endtime="20241112 22:24:09.847"/>
</kw>
<kw name="Logout">
<kw name="Click Button" library="SeleniumLibrary">
<arg>Logout</arg>
<doc>Clicks the button identified by ``locator``.</doc>
<msg timestamp="20241112 22:24:09.848" level="INFO">Clicking button 'Logout'.</msg>
<status status="PASS" starttime="20241112 22:24:09.848" endtime="20241112 22:24:11.948"/>
</kw>
<status status="PASS" starttime="20241112 22:24:09.847" endtime="20241112 22:24:11.948"/>
</kw>
<kw name="Set Username">
<arg>pekka</arg>
<kw name="Input Text" library="SeleniumLibrary">
<arg>username</arg>
<arg>${username}</arg>
<doc>Types the given ``text`` into the text field identified by ``locator``.</doc>
<msg timestamp="20241112 22:24:11.952" level="INFO">Typing text 'pekka' into text field 'username'.</msg>
<status status="PASS" starttime="20241112 22:24:11.950" endtime="20241112 22:24:13.562"/>
</kw>
<status status="PASS" starttime="20241112 22:24:11.949" endtime="20241112 22:24:13.562"/>
</kw>
<kw name="Set Password">
<arg>pekka123</arg>
<kw name="Input Password" library="SeleniumLibrary">
<arg>password</arg>
<arg>${password}</arg>
<doc>Types the given password into the text field identified by ``locator``.</doc>
<msg timestamp="20241112 22:24:13.565" level="INFO">Typing password into text field 'password'.</msg>
<msg timestamp="20241112 22:24:14.623" level="INFO">Temporally setting log level to: NONE</msg>
<msg timestamp="20241112 22:24:15.166" level="INFO">Log level changed from NONE to INFO.</msg>
<status status="PASS" starttime="20241112 22:24:13.563" endtime="20241112 22:24:15.166"/>
</kw>
<status status="PASS" starttime="20241112 22:24:13.563" endtime="20241112 22:24:15.167"/>
</kw>
<kw name="Submit Credentials For Login">
<kw name="Click Button" library="SeleniumLibrary">
<arg>Login</arg>
<doc>Clicks the button identified by ``locator``.</doc>
<msg timestamp="20241112 22:24:15.170" level="INFO">Clicking button 'Login'.</msg>
<status status="PASS" starttime="20241112 22:24:15.168" endtime="20241112 22:24:17.271"/>
</kw>
<status status="PASS" starttime="20241112 22:24:15.167" endtime="20241112 22:24:17.271"/>
</kw>
<kw name="Login Should Succeed">
<kw name="Main Page Should Be Open" library="resource">
<kw name="Title Should Be" library="SeleniumLibrary">
<arg>Ohtu Application main page</arg>
<doc>Verifies that the current page title equals ``title``.</doc>
<msg timestamp="20241112 22:24:17.776" level="INFO">Page title is 'Ohtu Application main page'.</msg>
<status status="PASS" starttime="20241112 22:24:17.271" endtime="20241112 22:24:17.776"/>
</kw>
<status status="PASS" starttime="20241112 22:24:17.271" endtime="20241112 22:24:17.777"/>
</kw>
<status status="PASS" starttime="20241112 22:24:17.271" endtime="20241112 22:24:17.777"/>
</kw>
<status status="PASS" starttime="20241112 22:24:00.874" endtime="20241112 22:24:17.777"/>
</test>
<test id="s1-t8" name="Login After Failed Registration" line="63">
<kw name="Reset Application Create User And Go To Register Page" type="SETUP">
<kw name="Reset Application" library="AppLibrary">
<status status="PASS" starttime="20241112 22:24:17.780" endtime="20241112 22:24:17.784"/>
</kw>
<kw name="Create User" library="AppLibrary">
<arg>kalle</arg>
<arg>kalle123</arg>
<status status="PASS" starttime="20241112 22:24:17.784" endtime="20241112 22:24:17.792"/>
</kw>
<kw name="Go to Register Page" library="resource">
<kw name="Go To" library="SeleniumLibrary">
<arg>${REGISTER_URL}</arg>
<doc>Navigates the current browser window to the provided ``url``.</doc>
<msg timestamp="20241112 22:24:17.793" level="INFO">Opening url 'http://localhost:5001/register'</msg>
<status status="PASS" starttime="20241112 22:24:17.793" endtime="20241112 22:24:23.030"/>
</kw>
<status status="PASS" starttime="20241112 22:24:17.792" endtime="20241112 22:24:23.031"/>
</kw>
<status status="PASS" starttime="20241112 22:24:17.779" endtime="20241112 22:24:23.031"/>
</kw>
<kw name="Set Username">
<arg>pekka</arg>
<kw name="Input Text" library="SeleniumLibrary">
<arg>username</arg>
<arg>${username}</arg>
<doc>Types the given ``text`` into the text field identified by ``locator``.</doc>
<msg timestamp="20241112 22:24:23.033" level="INFO">Typing text 'pekka' into text field 'username'.</msg>
<status status="PASS" starttime="20241112 22:24:23.032" endtime="20241112 22:24:24.641"/>
</kw>
<status status="PASS" starttime="20241112 22:24:23.031" endtime="20241112 22:24:24.642"/>
</kw>
<kw name="Set Password">
<arg>pekka</arg>
<kw name="Input Password" library="SeleniumLibrary">
<arg>password</arg>
<arg>${password}</arg>
<doc>Types the given password into the text field identified by ``locator``.</doc>
<msg timestamp="20241112 22:24:24.644" level="INFO">Typing password into text field 'password'.</msg>
<msg timestamp="20241112 22:24:25.695" level="INFO">Temporally setting log level to: NONE</msg>
<msg timestamp="20241112 22:24:26.259" level="INFO">Log level changed from NONE to INFO.</msg>
<status status="PASS" starttime="20241112 22:24:24.643" endtime="20241112 22:24:26.259"/>
</kw>
<status status="PASS" starttime="20241112 22:24:24.642" endtime="20241112 22:24:26.260"/>
</kw>
<kw name="Set Password Confirmation">
<arg>pekka</arg>
<kw name="Input Text" library="SeleniumLibrary">
<arg>password_confirmation</arg>
<arg>${password_confirmation}</arg>
<doc>Types the given ``text`` into the text field identified by ``locator``.</doc>
<msg timestamp="20241112 22:24:26.262" level="INFO">Typing text 'pekka' into text field 'password_confirmation'.</msg>
<status status="PASS" starttime="20241112 22:24:26.261" endtime="20241112 22:24:27.866"/>
</kw>
<status status="PASS" starttime="20241112 22:24:26.260" endtime="20241112 22:24:27.866"/>
</kw>
<kw name="Submit Credentials">
<kw name="Click Button" library="SeleniumLibrary">
<arg>Register</arg>
<doc>Clicks the button identified by ``locator``.</doc>
<msg timestamp="20241112 22:24:27.867" level="INFO">Clicking button 'Register'.</msg>
<status status="PASS" starttime="20241112 22:24:27.867" endtime="20241112 22:24:29.966"/>
</kw>
<status status="PASS" starttime="20241112 22:24:27.866" endtime="20241112 22:24:29.967"/>
</kw>
<kw name="Register Should Fail With Message">
<arg>Password is too short</arg>
<kw name="Register Page Should Be Open" library="resource">
<kw name="Title Should Be" library="SeleniumLibrary">
<arg>Register</arg>
<doc>Verifies that the current page title equals ``title``.</doc>
<msg timestamp="20241112 22:24:30.481" level="INFO">Page title is 'Register'.</msg>
<status status="PASS" starttime="20241112 22:24:29.969" endtime="20241112 22:24:30.481"/>
</kw>
<status status="PASS" starttime="20241112 22:24:29.969" endtime="20241112 22:24:30.481"/>
</kw>
<kw name="Page Should Contain" library="SeleniumLibrary">
<arg>${message}</arg>
<doc>Verifies that current page contains ``text``.</doc>
<msg timestamp="20241112 22:24:31.503" level="INFO">Current page contains text 'Password is too short'.</msg>
<status status="PASS" starttime="20241112 22:24:30.482" endtime="20241112 22:24:31.504"/>
</kw>
<status status="PASS" starttime="20241112 22:24:29.967" endtime="20241112 22:24:31.504"/>
</kw>
<kw name="Navigate To Login Page">
<kw name="Click Link" library="SeleniumLibrary">
<arg>Login</arg>
<doc>Clicks a link identified by ``locator``.</doc>
<msg timestamp="20241112 22:24:31.507" level="INFO">Clicking link 'Login'.</msg>
<status status="PASS" starttime="20241112 22:24:31.506" endtime="20241112 22:24:37.677"/>
</kw>
<status status="PASS" starttime="20241112 22:24:31.505" endtime="20241112 22:24:37.677"/>
</kw>
<kw name="Set Username">
<arg>pekka</arg>
<kw name="Input Text" library="SeleniumLibrary">
<arg>username</arg>
<arg>${username}</arg>
<doc>Types the given ``text`` into the text field identified by ``locator``.</doc>
<msg timestamp="20241112 22:24:37.680" level="INFO">Typing text 'pekka' into text field 'username'.</msg>
<status status="PASS" starttime="20241112 22:24:37.679" endtime="20241112 22:24:39.263"/>
</kw>
<status status="PASS" starttime="20241112 22:24:37.678" endtime="20241112 22:24:39.263"/>
</kw>
<kw name="Set Password">
<arg>pekka</arg>
<kw name="Input Password" library="SeleniumLibrary">
<arg>password</arg>
<arg>${password}</arg>
<doc>Types the given password into the text field identified by ``locator``.</doc>
<msg timestamp="20241112 22:24:39.267" level="INFO">Typing password into text field 'password'.</msg>
<msg timestamp="20241112 22:24:40.297" level="INFO">Temporally setting log level to: NONE</msg>
<msg timestamp="20241112 22:24:40.855" level="INFO">Log level changed from NONE to INFO.</msg>
<status status="PASS" starttime="20241112 22:24:39.265" endtime="20241112 22:24:40.855"/>
</kw>
<status status="PASS" starttime="20241112 22:24:39.264" endtime="20241112 22:24:40.855"/>
</kw>
<kw name="Submit Credentials For Login">
<kw name="Click Button" library="SeleniumLibrary">
<arg>Login</arg>
<doc>Clicks the button identified by ``locator``.</doc>
<msg timestamp="20241112 22:24:40.859" level="INFO">Clicking button 'Login'.</msg>
<status status="PASS" starttime="20241112 22:24:40.858" endtime="20241112 22:24:42.939"/>
</kw>
<status status="PASS" starttime="20241112 22:24:40.856" endtime="20241112 22:24:42.940"/>
</kw>
<kw name="Login Should Fail With Message">
<arg>Invalid username or password</arg>
<kw name="Login Page Should Be Open" library="resource">
<kw name="Title Should Be" library="SeleniumLibrary">
<arg>Login</arg>
<doc>Verifies that the current page title equals ``title``.</doc>
<msg timestamp="20241112 22:24:43.452" level="INFO">Page title is 'Login'.</msg>
<status status="PASS" starttime="20241112 22:24:42.942" endtime="20241112 22:24:43.452"/>
</kw>
<status status="PASS" starttime="20241112 22:24:42.941" endtime="20241112 22:24:43.453"/>
</kw>
<kw name="Page Should Contain" library="SeleniumLibrary">
<arg>${message}</arg>
<doc>Verifies that current page contains ``text``.</doc>
<msg timestamp="20241112 22:24:44.478" level="INFO">Current page contains text 'Invalid username or password'.</msg>
<status status="PASS" starttime="20241112 22:24:43.453" endtime="20241112 22:24:44.479"/>
</kw>
<status status="PASS" starttime="20241112 22:24:42.940" endtime="20241112 22:24:44.479"/>
</kw>
<status status="PASS" starttime="20241112 22:24:17.778" endtime="20241112 22:24:44.480"/>
</test>
<kw name="Close Browser" library="SeleniumLibrary" type="TEARDOWN">
<doc>Closes the current browser.</doc>
<status status="PASS" starttime="20241112 22:24:44.483" endtime="20241112 22:24:45.045"/>
</kw>
<status status="PASS" starttime="20241112 22:23:07.725" endtime="20241112 22:24:45.045"/>
</suite>
<statistics>
<total>
<stat pass="8" fail="0" skip="0">All Tests</stat>
</total>
<tag>
</tag>
<suite>
<stat pass="8" fail="0" skip="0" id="s1" name="Register">Register</stat>
</suite>
</statistics>
<errors>
</errors>
</robot>
